mode: set
github.com/dragonzurfer/goangelapi/session.go:9.79,13.72 2 1
github.com/dragonzurfer/goangelapi/session.go:18.2,18.16 1 1
github.com/dragonzurfer/goangelapi/session.go:23.2,25.16 3 1
github.com/dragonzurfer/goangelapi/session.go:29.2,29.21 1 1
github.com/dragonzurfer/goangelapi/session.go:13.72,16.3 2 1
github.com/dragonzurfer/goangelapi/session.go:18.16,20.3 1 1
github.com/dragonzurfer/goangelapi/session.go:25.16,27.3 1 0
github.com/dragonzurfer/goangelapi/utility.go:18.43,20.2 1 1
github.com/dragonzurfer/goangelapi/utility.go:22.46,24.2 1 1
github.com/dragonzurfer/goangelapi/utility.go:26.75,28.16 2 1
github.com/dragonzurfer/goangelapi/utility.go:32.2,33.16 2 1
github.com/dragonzurfer/goangelapi/utility.go:37.2,37.6 1 1
github.com/dragonzurfer/goangelapi/utility.go:28.16,29.103 1 1
github.com/dragonzurfer/goangelapi/utility.go:33.16,34.111 1 1
github.com/dragonzurfer/goangelapi/utility.go:37.6,39.17 2 1
github.com/dragonzurfer/goangelapi/utility.go:43.3,43.35 1 1
github.com/dragonzurfer/goangelapi/utility.go:47.3,49.28 3 1
github.com/dragonzurfer/goangelapi/utility.go:39.17,41.4 1 1
github.com/dragonzurfer/goangelapi/utility.go:43.35,45.4 1 1
github.com/dragonzurfer/goangelapi/client.go:17.31,19.2 1 1
github.com/dragonzurfer/goangelapi/client.go:21.35,23.2 1 1
github.com/dragonzurfer/goangelapi/client.go:25.31,27.2 1 1
github.com/dragonzurfer/goangelapi/client.go:29.52,33.2 3 1
github.com/dragonzurfer/goangelapi/client.go:44.68,46.2 1 1
github.com/dragonzurfer/goangelapi/client.go:48.67,50.2 1 1
github.com/dragonzurfer/goangelapi/client.go:53.42,54.21 1 1
github.com/dragonzurfer/goangelapi/client.go:57.2,57.21 1 1
github.com/dragonzurfer/goangelapi/client.go:60.2,60.21 1 1
github.com/dragonzurfer/goangelapi/client.go:63.2,70.15 4 1
github.com/dragonzurfer/goangelapi/client.go:54.21,56.3 1 1
github.com/dragonzurfer/goangelapi/client.go:57.21,59.3 1 1
github.com/dragonzurfer/goangelapi/client.go:60.21,62.3 1 1
github.com/dragonzurfer/goangelapi/client.go:73.63,76.2 2 1
github.com/dragonzurfer/goangelapi/client.go:78.67,81.16 3 1
github.com/dragonzurfer/goangelapi/client.go:86.2,86.30 1 1
github.com/dragonzurfer/goangelapi/client.go:95.2,95.27 1 1
github.com/dragonzurfer/goangelapi/client.go:81.16,83.3 1 0
github.com/dragonzurfer/goangelapi/client.go:86.30,88.17 2 1
github.com/dragonzurfer/goangelapi/client.go:91.3,91.18 1 1
github.com/dragonzurfer/goangelapi/client.go:88.17,90.4 1 0
github.com/dragonzurfer/goangelapi/client.go:91.18,93.4 1 1
github.com/dragonzurfer/goangelapi/client.go:98.69,101.16 3 1
github.com/dragonzurfer/goangelapi/client.go:106.2,106.30 1 1
github.com/dragonzurfer/goangelapi/client.go:115.2,115.28 1 1
github.com/dragonzurfer/goangelapi/client.go:101.16,103.3 1 0
github.com/dragonzurfer/goangelapi/client.go:106.30,108.17 2 1
github.com/dragonzurfer/goangelapi/client.go:111.3,111.18 1 1
github.com/dragonzurfer/goangelapi/client.go:108.17,110.4 1 0
github.com/dragonzurfer/goangelapi/client.go:111.18,113.4 1 0
github.com/dragonzurfer/goangelapi/instrument.go:24.49,27.29 3 1
github.com/dragonzurfer/goangelapi/instrument.go:30.2,31.25 2 1
github.com/dragonzurfer/goangelapi/instrument.go:27.29,29.3 1 1
